2025-10-03 22:32:18,471 - INFO - Starting background arbitrage scan...
2025-10-03 22:32:18,783 - INFO - Loaded 2 subscriptions.
2025-10-03 22:32:18,783 - ERROR - TELEGRAM_BOT_TOKEN not set. Telegram bot will not start.
2025-10-03 22:32:20,160 - INFO - Refreshing top tokens and exchanges...
2025-10-03 22:32:20,851 - INFO - Waiting 120 seconds before next update...
2025-10-03 22:32:35,390 - INFO - 
--- Aggregated Exchange Stats ---
         exchange  last_price_mean  last_vol_mean  spread_mean  num_trades
0           azbit          5351.17   4.255715e+06         0.02          24
1         binance          4565.79   2.195314e+11         0.03          56
2          bitget          2259.63   2.184728e+10         0.04          59
3      bybit_spot          2298.44   3.233792e+10         0.03          58
4       coinstore          6429.05   3.586676e+07         0.32          20
5           coinw          2570.92   2.878176e+10         0.09          52
6            gate          2303.04   2.206333e+10         0.03          58
7  hotcoin_global          3177.56   4.630006e+10         0.13          42
8             mxc          4332.34   3.939164e+10         0.04          60
9          pionex          5341.93   2.917806e+10         0.04          24
2025-10-03 22:32:35,552 - INFO - 
--- Arbitrage Opportunities ---
         token    buy_exchange  buy_price   sell_exchange  sell_price  price_diff_pct  profit_per_1000_usd
0         CAKE       coinstore    3.64000            gate     3.66360            0.65                 6.48
1         AVNT      bybit_spot    1.25338            gate     1.26200            0.69                 6.88
2         OPEN         binance    0.61060          bitget     0.61658            0.98                 9.79
3           FF           coinw    0.19510          bitget     0.19630            0.62                 6.15
4           0G           coinw    3.21990             mxc     3.24200            0.69                 6.86
5         MIRA         binance    0.66810             mxc     0.67300            0.73                 7.33
6        EIGEN  hotcoin_global    1.87400            gate     1.89300            1.01                10.14
7          INJ           coinw   13.45700  hotcoin_global    13.59000            0.99                 9.88
8            W          bitget    0.12079  hotcoin_global     0.12140            0.51                 5.05
9   JELLYJELLY          bitget    0.10633           azbit     0.10772            1.31                13.07
10         MYX          bitget    8.27840            gate     8.33800            0.72                 7.20
2025-10-03 22:32:35,552 - INFO - Scan complete. Waiting 120 seconds...
2025-10-03 22:39:03,219 - INFO - Starting background arbitrage scan...
2025-10-03 22:39:03,581 - INFO - Loaded 2 subscriptions.
2025-10-03 22:39:04,667 - INFO - Refreshing top tokens and exchanges...
2025-10-03 22:39:05,335 - INFO - HTTP Request: POST https://api.telegram.org/bot8426585443:AAEp5PO1jrC39ffwH9p4sXxInmRozc9SCCY/getMe "HTTP/1.1 200 OK"
2025-10-03 22:39:05,514 - INFO - HTTP Request: POST https://api.telegram.org/bot8426585443:AAEp5PO1jrC39ffwH9p4sXxInmRozc9SCCY/deleteWebhook "HTTP/1.1 200 OK"
2025-10-03 22:39:05,514 - INFO - Application started
2025-10-03 22:39:05,640 - INFO - Waiting 120 seconds before next update...
2025-10-03 22:39:06,131 - INFO - HTTP Request: POST https://api.telegram.org/bot8426585443:AAEp5PO1jrC39ffwH9p4sXxInmRozc9SCCY/getUpdates "HTTP/1.1 200 OK"
2025-10-03 22:39:06,383 - INFO - HTTP Request: POST https://api.telegram.org/bot8426585443:AAEp5PO1jrC39ffwH9p4sXxInmRozc9SCCY/sendMessage "HTTP/1.1 200 OK"
2025-10-03 22:39:16,327 - INFO - HTTP Request: POST https://api.telegram.org/bot8426585443:AAEp5PO1jrC39ffwH9p4sXxInmRozc9SCCY/getUpdates "HTTP/1.1 200 OK"
2025-10-03 22:39:18,981 - INFO - 
--- Aggregated Exchange Stats ---
         exchange  last_price_mean  last_vol_mean  spread_mean  num_trades
0           azbit          9636.16   4.017001e+09         0.02          26
1         binance          4643.97   2.225798e+11         0.02          55
2          bitget          2295.95   2.223728e+10         0.04          58
3      bybit_spot          2256.96   3.153269e+10         0.03          59
4       coinstore          6420.78   3.603750e+07         0.37          20
5           coinw          2428.73   2.726122e+10         0.10          55
6            gate          2299.55   2.205416e+10         0.03          58
7  hotcoin_global          3099.97   9.262331e+09         0.13          43
8             mxc          4322.53   3.918815e+10         0.04          60
9          pionex          5122.04   2.807167e+10         0.03          25
2025-10-03 22:39:19,223 - INFO - 
--- Arbitrage Opportunities ---
        token buy_exchange   buy_price sell_exchange  sell_price  price_diff_pct  profit_per_1000_usd
0         ZEC          mxc  138.860000         coinw  139.660000            0.58                 5.76
1          2Z          mxc    0.531300    bybit_spot    0.534000            0.51                 5.08
2        OPEN      binance    0.608400        bitget    0.612400            0.66                 6.57
3        MIRA       bitget    0.664600           mxc    0.669400            0.72                 7.22
4          0G        coinw    3.239400    bybit_spot    3.300000            1.87                18.71
5          FF       bitget    0.195600         coinw    0.197370            0.90                 9.05
6       LINEA      binance    0.027370         coinw    0.027550            0.66                 6.58
7        SHIB         gate    0.000013     coinstore    0.000013            0.75                 7.52
8        DASH          mxc   31.860000     coinstore   32.090000            0.72                 7.22
9  JELLYJELLY       bitget    0.103330         azbit    0.105630            2.23                22.26
2025-10-03 22:39:19,225 - INFO - Scan complete. Waiting 120 seconds...
2025-10-03 22:39:26,516 - INFO - HTTP Request: POST https://api.telegram.org/bot8426585443:AAEp5PO1jrC39ffwH9p4sXxInmRozc9SCCY/getUpdates "HTTP/1.1 200 OK"
2025-10-03 22:39:36,713 - INFO - HTTP Request: POST https://api.telegram.org/bot8426585443:AAEp5PO1jrC39ffwH9p4sXxInmRozc9SCCY/getUpdates "HTTP/1.1 200 OK"
2025-10-03 22:39:44,339 - INFO - HTTP Request: POST https://api.telegram.org/bot8426585443:AAEp5PO1jrC39ffwH9p4sXxInmRozc9SCCY/getUpdates "HTTP/1.1 200 OK"
2025-10-03 22:39:44,346 - INFO - Saved 2 subscriptions.
2025-10-03 22:39:44,937 - INFO - HTTP Request: POST https://api.telegram.org/bot8426585443:AAEp5PO1jrC39ffwH9p4sXxInmRozc9SCCY/sendMessage "HTTP/1.1 200 OK"
2025-10-03 22:39:48,473 - INFO - HTTP Request: POST https://api.telegram.org/bot8426585443:AAEp5PO1jrC39ffwH9p4sXxInmRozc9SCCY/getUpdates "HTTP/1.1 200 OK"
2025-10-03 22:39:51,321 - INFO - HTTP Request: POST https://api.telegram.org/bot8426585443:AAEp5PO1jrC39ffwH9p4sXxInmRozc9SCCY/sendMessage "HTTP/1.1 200 OK"
2025-10-03 22:40:00,831 - INFO - HTTP Request: POST https://api.telegram.org/bot8426585443:AAEp5PO1jrC39ffwH9p4sXxInmRozc9SCCY/getUpdates "HTTP/1.1 200 OK"
2025-10-03 22:40:11,133 - INFO - HTTP Request: POST https://api.telegram.org/bot8426585443:AAEp5PO1jrC39ffwH9p4sXxInmRozc9SCCY/getUpdates "HTTP/1.1 200 OK"
2025-10-03 22:40:21,362 - INFO - HTTP Request: POST https://api.telegram.org/bot8426585443:AAEp5PO1jrC39ffwH9p4sXxInmRozc9SCCY/getUpdates "HTTP/1.1 200 OK"
2025-10-03 22:40:31,572 - INFO - HTTP Request: POST https://api.telegram.org/bot8426585443:AAEp5PO1jrC39ffwH9p4sXxInmRozc9SCCY/getUpdates "HTTP/1.1 200 OK"
2025-10-03 22:40:41,780 - INFO - HTTP Request: POST https://api.telegram.org/bot8426585443:AAEp5PO1jrC39ffwH9p4sXxInmRozc9SCCY/getUpdates "HTTP/1.1 200 OK"
2025-10-03 23:19:16,682 - INFO - Starting background arbitrage scan...
2025-10-03 23:19:17,149 - INFO - Loaded 2 subscriptions.
2025-10-03 23:19:18,936 - INFO - HTTP Request: POST https://api.telegram.org/bot8426585443:AAEp5PO1jrC39ffwH9p4sXxInmRozc9SCCY/getMe "HTTP/1.1 200 OK"
2025-10-03 23:19:18,989 - INFO - Refreshing top tokens and exchanges...
2025-10-03 23:19:19,122 - INFO - HTTP Request: POST https://api.telegram.org/bot8426585443:AAEp5PO1jrC39ffwH9p4sXxInmRozc9SCCY/deleteWebhook "HTTP/1.1 200 OK"
2025-10-03 23:19:19,122 - INFO - Application started
2025-10-03 23:19:19,228 - INFO - Waiting 120 seconds before next update...
2025-10-03 23:19:29,707 - INFO - HTTP Request: POST https://api.telegram.org/bot8426585443:AAEp5PO1jrC39ffwH9p4sXxInmRozc9SCCY/getUpdates "HTTP/1.1 200 OK"
2025-10-03 23:19:33,617 - INFO - 
--- Aggregated Exchange Stats ---
         exchange  last_price_mean  last_vol_mean  spread_mean  num_trades
0           azbit          9654.36   3.978011e+09         0.03          26
1         binance          4829.48   2.314156e+11         0.02          53
2          bitget          2428.03   2.326951e+10         0.03          55
3      bybit_spot          2426.94   3.378463e+10         0.03          55
4       coinstore          6718.85   3.719067e+07         0.35          19
5           coinw          2575.41   2.880187e+10         0.09          52
6            gate          2477.21   2.326371e+10         0.02          54
7  hotcoin_global          3183.40   4.602411e+10         0.13          42
8             mxc          4192.19   3.794640e+10         0.04          62
9          pionex          5396.00   2.938242e+10         0.04          24
2025-10-03 23:19:33,906 - INFO - 
--- Arbitrage Opportunities ---
         token    buy_exchange   buy_price   sell_exchange  sell_price  price_diff_pct  profit_per_1000_usd
0          XPL             mxc    0.859900            gate    0.871900            1.40                13.96
1         CAKE          bitget    3.670000  hotcoin_global    3.713000            1.17                11.72
2           2Z            gate    0.524950             mxc    0.527800            0.54                 5.43
3         OPEN         binance    0.606000             mxc    0.612610            1.09                10.91
4         FORM         binance    1.185200             mxc    1.202400            1.45                14.51
5          ZEC             mxc  136.050000         binance  136.750000            0.51                 5.15
6           FF           coinw    0.193290      bybit_spot    0.194670            0.71                 7.14
7         BARD          bitget    0.968510             mxc    0.976200            0.79                 7.94
8          CRV       coinstore    0.782100            gate    0.786200            0.52                 5.24
9           0G             mxc    3.291000      bybit_spot    3.337000            1.40                13.98
10         XVG         binance    0.008276             mxc    0.008388            1.35                13.53
11        MIRA          bitget    0.661100         binance    0.665600            0.68                 6.81
12       ETHFI          bitget    1.783000  hotcoin_global    1.793000            0.56                 5.61
13       EIGEN            gate    1.883200  hotcoin_global    1.924000            2.17                21.67
14        SHIB  hotcoin_global    0.000013       coinstore    0.000013            0.55                 5.45
15         WIF           azbit    0.791000            gate    0.797500            0.82                 8.22
16  JELLYJELLY           azbit    0.109020            gate    0.111818            2.57                25.67
17    FARTCOIN           azbit    0.667700          bitget    0.673200            0.82                 8.24
18        SOON             mxc    0.496600          bitget    0.500800            0.85                 8.46
19        STBL            gate    0.259100             mxc    0.264950            2.26                22.58
2025-10-03 23:19:33,918 - INFO - Scan complete. Waiting 120 seconds...
2025-10-03 23:19:39,894 - INFO - HTTP Request: POST https://api.telegram.org/bot8426585443:AAEp5PO1jrC39ffwH9p4sXxInmRozc9SCCY/getUpdates "HTTP/1.1 200 OK"
2025-10-03 23:19:50,085 - INFO - HTTP Request: POST https://api.telegram.org/bot8426585443:AAEp5PO1jrC39ffwH9p4sXxInmRozc9SCCY/getUpdates "HTTP/1.1 200 OK"
2025-10-03 23:20:00,293 - INFO - HTTP Request: POST https://api.telegram.org/bot8426585443:AAEp5PO1jrC39ffwH9p4sXxInmRozc9SCCY/getUpdates "HTTP/1.1 200 OK"
2025-10-03 23:20:11,129 - INFO - HTTP Request: POST https://api.telegram.org/bot8426585443:AAEp5PO1jrC39ffwH9p4sXxInmRozc9SCCY/getUpdates "HTTP/1.1 200 OK"
2025-10-03 23:20:21,316 - INFO - HTTP Request: POST https://api.telegram.org/bot8426585443:AAEp5PO1jrC39ffwH9p4sXxInmRozc9SCCY/getUpdates "HTTP/1.1 200 OK"
2025-10-03 23:20:31,519 - INFO - HTTP Request: POST https://api.telegram.org/bot8426585443:AAEp5PO1jrC39ffwH9p4sXxInmRozc9SCCY/getUpdates "HTTP/1.1 200 OK"
2025-10-03 23:20:41,749 - INFO - HTTP Request: POST https://api.telegram.org/bot8426585443:AAEp5PO1jrC39ffwH9p4sXxInmRozc9SCCY/getUpdates "HTTP/1.1 200 OK"
2025-10-03 23:20:52,084 - INFO - HTTP Request: POST https://api.telegram.org/bot8426585443:AAEp5PO1jrC39ffwH9p4sXxInmRozc9SCCY/getUpdates "HTTP/1.1 200 OK"
2025-10-03 23:21:02,260 - INFO - HTTP Request: POST https://api.telegram.org/bot8426585443:AAEp5PO1jrC39ffwH9p4sXxInmRozc9SCCY/getUpdates "HTTP/1.1 200 OK"
2025-10-03 23:21:12,562 - INFO - HTTP Request: POST https://api.telegram.org/bot8426585443:AAEp5PO1jrC39ffwH9p4sXxInmRozc9SCCY/getUpdates "HTTP/1.1 200 OK"
2025-10-03 23:21:21,992 - INFO - Telegram message sent to 706456243 successfully.
2025-10-03 23:21:22,691 - INFO - Telegram message sent to 6551264734 successfully.
2025-10-03 23:21:22,691 - INFO - Waiting 120 seconds before next update...
2025-10-03 23:21:22,761 - INFO - HTTP Request: POST https://api.telegram.org/bot8426585443:AAEp5PO1jrC39ffwH9p4sXxInmRozc9SCCY/getUpdates "HTTP/1.1 200 OK"
2025-10-03 23:21:32,956 - INFO - HTTP Request: POST https://api.telegram.org/bot8426585443:AAEp5PO1jrC39ffwH9p4sXxInmRozc9SCCY/getUpdates "HTTP/1.1 200 OK"
2025-10-03 23:21:43,149 - INFO - HTTP Request: POST https://api.telegram.org/bot8426585443:AAEp5PO1jrC39ffwH9p4sXxInmRozc9SCCY/getUpdates "HTTP/1.1 200 OK"
2025-10-03 23:21:47,073 - INFO - 
--- Aggregated Exchange Stats ---
         exchange  last_price_mean  last_vol_mean  spread_mean  num_trades
0           azbit          9610.09   4.750706e+09         0.03          26
1         binance          4832.50   2.315420e+11         0.02          53
2          bitget          2461.57   2.370667e+10         0.03          54
3      bybit_spot          2384.14   3.321425e+10         0.03          56
4       coinstore          6380.53   3.546581e+07         0.33          20
5           coinw          2526.17   2.832774e+10         0.09          53
6            gate          2476.61   2.324574e+10         0.02          54
7  hotcoin_global          3182.44   4.604136e+10         0.13          42
8             mxc          4482.41   4.056238e+10         0.03          58
9          pionex          5183.37   2.820713e+10         0.03          25
2025-10-03 23:21:47,308 - INFO - 
--- Arbitrage Opportunities ---
    token    buy_exchange  buy_price sell_exchange  sell_price  price_diff_pct  profit_per_1000_usd
0     XPL           coinw   0.862760          gate    0.874900            1.41                14.07
1    CAKE          bitget   3.660000     coinstore    3.712000            1.42                14.21
2    AVNT      bybit_spot   1.242470       binance    1.248900            0.52                 5.18
3    OPEN         binance   0.602500        bitget    0.610950            1.40                14.02
4      FF  hotcoin_global   0.193520         coinw    0.195770            1.16                11.63
5     CRV       coinstore   0.782100       binance    0.787800            0.73                 7.29
6      0G            gate   3.312000    bybit_spot    3.337000            0.75                 7.55
7    MIRA          bitget   0.660000       binance    0.665600            0.85                 8.48
8    BONK          pionex   0.000021       binance    0.000021            0.72                 7.18
9    CELO          pionex   0.374700    bybit_spot    0.377500            0.75                 7.47
10    XVG             mxc   0.008285        pionex    0.008384            1.19                11.95
11  ASTER      bybit_spot   2.128000           mxc    2.140000            0.56                 5.64
2025-10-03 23:21:47,310 - INFO - Scan complete. Waiting 120 seconds...
2025-10-03 23:21:54,451 - INFO - HTTP Request: POST https://api.telegram.org/bot8426585443:AAEp5PO1jrC39ffwH9p4sXxInmRozc9SCCY/getUpdates "HTTP/1.1 200 OK"
2025-10-03 23:22:04,684 - INFO - HTTP Request: POST https://api.telegram.org/bot8426585443:AAEp5PO1jrC39ffwH9p4sXxInmRozc9SCCY/getUpdates "HTTP/1.1 200 OK"
2025-10-03 23:22:15,094 - INFO - HTTP Request: POST https://api.telegram.org/bot8426585443:AAEp5PO1jrC39ffwH9p4sXxInmRozc9SCCY/getUpdates "HTTP/1.1 200 OK"
2025-10-03 23:22:25,272 - INFO - HTTP Request: POST https://api.telegram.org/bot8426585443:AAEp5PO1jrC39ffwH9p4sXxInmRozc9SCCY/getUpdates "HTTP/1.1 200 OK"
2025-10-03 23:22:35,460 - INFO - HTTP Request: POST https://api.telegram.org/bot8426585443:AAEp5PO1jrC39ffwH9p4sXxInmRozc9SCCY/getUpdates "HTTP/1.1 200 OK"
2025-10-03 23:28:08,141 - INFO - Starting background arbitrage scan...
2025-10-03 23:28:08,548 - INFO - Loaded 2 subscriptions.
2025-10-03 23:28:09,694 - INFO - HTTP Request: POST https://api.telegram.org/bot8426585443:AAEp5PO1jrC39ffwH9p4sXxInmRozc9SCCY/getMe "HTTP/1.1 200 OK"
2025-10-03 23:28:09,698 - INFO - Refreshing top tokens and exchanges...
2025-10-03 23:28:09,887 - INFO - HTTP Request: POST https://api.telegram.org/bot8426585443:AAEp5PO1jrC39ffwH9p4sXxInmRozc9SCCY/deleteWebhook "HTTP/1.1 200 OK"
2025-10-03 23:28:09,891 - INFO - Application started
2025-10-03 23:28:10,616 - INFO - Waiting 120 seconds before next update...
2025-10-03 23:28:20,458 - INFO - HTTP Request: POST https://api.telegram.org/bot8426585443:AAEp5PO1jrC39ffwH9p4sXxInmRozc9SCCY/getUpdates "HTTP/1.1 200 OK"
2025-10-03 23:28:23,338 - INFO - 
--- Aggregated Exchange Stats ---
         exchange  last_price_mean  last_vol_mean  spread_mean  num_trades
0           azbit          8965.19   4.411353e+09         0.03          28
1         binance          4571.84   2.225070e+11         0.03          56
2          bitget          2461.49   2.364925e+10         0.03          54
3      bybit_spot          2427.48   3.379420e+10         0.03          55
4       coinstore          6132.72   3.362508e+07         0.34          21
5           coinw          2526.04   2.901630e+10         0.09          53
6            gate          2346.15   2.188537e+10         0.02          57
7  hotcoin_global          3182.09   4.725913e+10         0.13          42
8             mxc          4482.03   4.096849e+10         0.03          58
9          pionex          5182.86   2.933417e+10         0.04          25
2025-10-03 23:28:23,535 - INFO - 
--- Arbitrage Opportunities ---
         token    buy_exchange   buy_price sell_exchange  sell_price  price_diff_pct  profit_per_1000_usd
0         PUMP            gate    0.006886         coinw    0.006929            0.62                 6.24
1         CAKE            gate    3.589300         azbit    3.677000            2.44                24.43
2         OPEN             mxc    0.609960          gate    0.618800            1.45                14.49
3          ZEC         binance  134.890000         coinw  136.610000            1.28                12.75
4           FF          bitget    0.194700           mxc    0.196200            0.77                 7.70
5        FLOKI          pionex    0.000094       binance    0.000095            1.19                11.86
6         MIRA          bitget    0.658100           mxc    0.662300            0.64                 6.38
7         BONK  hotcoin_global    0.000021       binance    0.000021            0.86                 8.60
8          XVG         binance    0.008239           mxc    0.008285            0.56                 5.58
9          WIF       coinstore    0.791720        bitget    0.797200            0.69                 6.92
10  JELLYJELLY          bitget    0.106580         azbit    0.111990            5.08                50.76
11    FARTCOIN           azbit    0.672600          gate    0.676000            0.51                 5.06
12        STBL            gate    0.258200           mxc    0.261010            1.09                10.88
13         MYX          bitget    8.638600          gate    8.684000            0.53                 5.26
2025-10-03 23:28:23,535 - INFO - Scan complete. Waiting 120 seconds...
2025-10-03 23:28:31,258 - INFO - HTTP Request: POST https://api.telegram.org/bot8426585443:AAEp5PO1jrC39ffwH9p4sXxInmRozc9SCCY/getUpdates "HTTP/1.1 200 OK"
2025-10-03 23:28:42,741 - INFO - HTTP Request: POST https://api.telegram.org/bot8426585443:AAEp5PO1jrC39ffwH9p4sXxInmRozc9SCCY/getUpdates "HTTP/1.1 200 OK"
2025-10-03 23:28:52,971 - INFO - HTTP Request: POST https://api.telegram.org/bot8426585443:AAEp5PO1jrC39ffwH9p4sXxInmRozc9SCCY/getUpdates "HTTP/1.1 200 OK"
2025-10-03 23:29:03,193 - INFO - HTTP Request: POST https://api.telegram.org/bot8426585443:AAEp5PO1jrC39ffwH9p4sXxInmRozc9SCCY/getUpdates "HTTP/1.1 200 OK"
2025-10-03 23:29:16,788 - INFO - HTTP Request: POST https://api.telegram.org/bot8426585443:AAEp5PO1jrC39ffwH9p4sXxInmRozc9SCCY/getUpdates "HTTP/1.1 200 OK"
2025-10-03 23:29:26,998 - INFO - HTTP Request: POST https://api.telegram.org/bot8426585443:AAEp5PO1jrC39ffwH9p4sXxInmRozc9SCCY/getUpdates "HTTP/1.1 200 OK"
2025-10-03 23:29:37,202 - INFO - HTTP Request: POST https://api.telegram.org/bot8426585443:AAEp5PO1jrC39ffwH9p4sXxInmRozc9SCCY/getUpdates "HTTP/1.1 200 OK"
2025-10-03 23:29:47,417 - INFO - HTTP Request: POST https://api.telegram.org/bot8426585443:AAEp5PO1jrC39ffwH9p4sXxInmRozc9SCCY/getUpdates "HTTP/1.1 200 OK"
2025-10-03 23:29:57,650 - INFO - HTTP Request: POST https://api.telegram.org/bot8426585443:AAEp5PO1jrC39ffwH9p4sXxInmRozc9SCCY/getUpdates "HTTP/1.1 200 OK"
2025-10-03 23:30:07,865 - INFO - HTTP Request: POST https://api.telegram.org/bot8426585443:AAEp5PO1jrC39ffwH9p4sXxInmRozc9SCCY/getUpdates "HTTP/1.1 200 OK"
2025-10-03 23:30:13,451 - INFO - Telegram message sent to 706456243 successfully.
2025-10-03 23:30:14,142 - INFO - Telegram message sent to 6551264734 successfully.
2025-10-03 23:30:14,148 - INFO - Waiting 120 seconds before next update...
2025-10-03 23:30:18,098 - INFO - HTTP Request: POST https://api.telegram.org/bot8426585443:AAEp5PO1jrC39ffwH9p4sXxInmRozc9SCCY/getUpdates "HTTP/1.1 200 OK"
2025-10-03 23:30:28,322 - INFO - HTTP Request: POST https://api.telegram.org/bot8426585443:AAEp5PO1jrC39ffwH9p4sXxInmRozc9SCCY/getUpdates "HTTP/1.1 200 OK"
2025-10-03 23:30:36,499 - INFO - 
--- Aggregated Exchange Stats ---
         exchange  last_price_mean  last_vol_mean  spread_mean  num_trades
0           azbit         10915.20   4.018604e+06         0.02          23
1         binance          4741.35   2.308872e+11         0.02          54
2          bitget          2507.81   2.409066e+10         0.03          53
3      bybit_spot          2472.31   3.445113e+10         0.03          54
4       coinstore          6715.83   3.700819e+07         0.36          19
5           coinw          2574.39   2.960381e+10         0.09          52
6            gate          2346.09   2.257981e+10         0.02          57
7  hotcoin_global          3182.15   4.726572e+10         0.13          42
8             mxc          4405.73   4.022238e+10         0.03          59
9          pionex          5393.76   3.055642e+10         0.04          24
2025-10-03 23:30:36,686 - INFO - 
--- Arbitrage Opportunities ---
         token buy_exchange   buy_price sell_exchange  sell_price  price_diff_pct  profit_per_1000_usd
0         CAKE       pionex    3.595000     coinstore    3.671000            2.11                21.14
1           2Z      binance    0.524030    bybit_spot    0.527800            0.72                 7.19
2          ZEC        coinw  135.120000        pionex  136.350000            0.91                 9.10
3         FORM          mxc    1.188400       binance    1.195100            0.56                 5.64
4         BARD      binance    0.961900           mxc    0.968600            0.70                 6.97
5        FLOKI       pionex    0.000094           mxc    0.000095            1.13                11.32
6           0G      binance    3.294000         coinw    3.320700            0.81                 8.11
7           FF       bitget    0.194000           mxc    0.196200            1.13                11.34
8         BONK       pionex    0.000021           mxc    0.000021            0.57                 5.72
9          WIF    coinstore    0.791720         azbit    0.797000            0.67                 6.67
10  JELLYJELLY       bitget    0.106340         azbit    0.108670            2.19                21.91
2025-10-03 23:30:36,689 - INFO - Scan complete. Waiting 120 seconds...
2025-10-03 23:30:38,553 - INFO - HTTP Request: POST https://api.telegram.org/bot8426585443:AAEp5PO1jrC39ffwH9p4sXxInmRozc9SCCY/getUpdates "HTTP/1.1 200 OK"
2025-10-03 23:30:48,774 - INFO - HTTP Request: POST https://api.telegram.org/bot8426585443:AAEp5PO1jrC39ffwH9p4sXxInmRozc9SCCY/getUpdates "HTTP/1.1 200 OK"
2025-10-03 23:30:58,991 - INFO - HTTP Request: POST https://api.telegram.org/bot8426585443:AAEp5PO1jrC39ffwH9p4sXxInmRozc9SCCY/getUpdates "HTTP/1.1 200 OK"
2025-10-03 23:31:09,426 - INFO - HTTP Request: POST https://api.telegram.org/bot8426585443:AAEp5PO1jrC39ffwH9p4sXxInmRozc9SCCY/getUpdates "HTTP/1.1 200 OK"
2025-10-03 23:31:19,657 - INFO - HTTP Request: POST https://api.telegram.org/bot8426585443:AAEp5PO1jrC39ffwH9p4sXxInmRozc9SCCY/getUpdates "HTTP/1.1 200 OK"
2025-10-03 23:31:29,903 - INFO - HTTP Request: POST https://api.telegram.org/bot8426585443:AAEp5PO1jrC39ffwH9p4sXxInmRozc9SCCY/getUpdates "HTTP/1.1 200 OK"
2025-10-03 23:31:40,644 - INFO - HTTP Request: POST https://api.telegram.org/bot8426585443:AAEp5PO1jrC39ffwH9p4sXxInmRozc9SCCY/getUpdates "HTTP/1.1 200 OK"
2025-10-03 23:31:51,897 - INFO - HTTP Request: POST https://api.telegram.org/bot8426585443:AAEp5PO1jrC39ffwH9p4sXxInmRozc9SCCY/getUpdates "HTTP/1.1 200 OK"
2025-10-03 23:44:56,418 - INFO - Starting background arbitrage scan...
2025-10-03 23:44:56,745 - INFO - Loaded 2 subscriptions.
2025-10-03 23:44:57,661 - INFO - HTTP Request: POST https://api.telegram.org/bot8426585443:AAEp5PO1jrC39ffwH9p4sXxInmRozc9SCCY/getMe "HTTP/1.1 200 OK"
2025-10-03 23:44:57,876 - INFO - HTTP Request: POST https://api.telegram.org/bot8426585443:AAEp5PO1jrC39ffwH9p4sXxInmRozc9SCCY/deleteWebhook "HTTP/1.1 200 OK"
2025-10-03 23:44:57,884 - INFO - Application started
2025-10-03 23:44:57,971 - INFO - Refreshing top tokens and exchanges...
2025-10-03 23:44:58,822 - INFO - Waiting 120 seconds before next update...
2025-10-03 23:45:08,419 - INFO - HTTP Request: POST https://api.telegram.org/bot8426585443:AAEp5PO1jrC39ffwH9p4sXxInmRozc9SCCY/getUpdates "HTTP/1.1 200 OK"
2025-10-03 23:45:10,146 - INFO - 
--- Aggregated Exchange Stats ---
         exchange  last_price_mean  last_vol_mean  spread_mean  num_trades
0           azbit         10046.21   4.126299e+09         0.03          25
1         binance          4927.73   2.391123e+11         0.02          52
2          bitget          2386.62   1.266282e+08         0.03          56
3      bybit_spot          2429.26   3.402549e+10         0.03          55
4       coinstore          6444.36   3.498318e+07         0.37          20
5           coinw          2576.59   2.962998e+10         0.09          52
6            gate          2230.54   2.138693e+10         0.02          60
7  hotcoin_global          3110.87   4.610789e+10         0.13          43
8             mxc          4270.62   3.885191e+10         0.04          61
9          pionex          5182.35   2.987230e+10         0.03          25
2025-10-03 23:45:10,338 - INFO - 
--- Arbitrage Opportunities ---
        token buy_exchange  buy_price sell_exchange  sell_price  price_diff_pct  profit_per_1000_usd
0        CAKE       pionex   3.613000       binance    3.632000            0.53                 5.26
1       FLOKI          mxc   0.000095       binance    0.000096            1.14                11.41
2          0G       bitget   3.322800           mxc    3.361000            1.15                11.50
3        MIRA       bitget   0.656800           mxc    0.665600            1.34                13.40
4        CELO   bybit_spot   0.369800        pionex    0.372600            0.76                 7.57
5       EIGEN      binance   1.866000           mxc    1.876100            0.54                 5.41
6  JELLYJELLY       bitget   0.105980         azbit    0.106930            0.90                 8.96
7         MYX       bitget   8.478900          gate    8.530000            0.60                 6.03
2025-10-03 23:45:10,338 - INFO - Scan complete. Waiting 120 seconds...
2025-10-03 23:45:23,038 - INFO - HTTP Request: POST https://api.telegram.org/bot8426585443:AAEp5PO1jrC39ffwH9p4sXxInmRozc9SCCY/getUpdates "HTTP/1.1 200 OK"
2025-10-03 23:45:33,671 - INFO - HTTP Request: POST https://api.telegram.org/bot8426585443:AAEp5PO1jrC39ffwH9p4sXxInmRozc9SCCY/getUpdates "HTTP/1.1 200 OK"
2025-10-03 23:45:43,861 - INFO - HTTP Request: POST https://api.telegram.org/bot8426585443:AAEp5PO1jrC39ffwH9p4sXxInmRozc9SCCY/getUpdates "HTTP/1.1 200 OK"
2025-10-03 23:45:55,882 - INFO - HTTP Request: POST https://api.telegram.org/bot8426585443:AAEp5PO1jrC39ffwH9p4sXxInmRozc9SCCY/getUpdates "HTTP/1.1 200 OK"
2025-10-03 23:46:07,897 - INFO - HTTP Request: POST https://api.telegram.org/bot8426585443:AAEp5PO1jrC39ffwH9p4sXxInmRozc9SCCY/getUpdates "HTTP/1.1 200 OK"
2025-10-03 23:46:18,087 - INFO - HTTP Request: POST https://api.telegram.org/bot8426585443:AAEp5PO1jrC39ffwH9p4sXxInmRozc9SCCY/getUpdates "HTTP/1.1 200 OK"
2025-10-03 23:46:28,291 - INFO - HTTP Request: POST https://api.telegram.org/bot8426585443:AAEp5PO1jrC39ffwH9p4sXxInmRozc9SCCY/getUpdates "HTTP/1.1 200 OK"
2025-10-03 23:46:38,483 - INFO - HTTP Request: POST https://api.telegram.org/bot8426585443:AAEp5PO1jrC39ffwH9p4sXxInmRozc9SCCY/getUpdates "HTTP/1.1 200 OK"
2025-10-03 23:46:48,672 - INFO - HTTP Request: POST https://api.telegram.org/bot8426585443:AAEp5PO1jrC39ffwH9p4sXxInmRozc9SCCY/getUpdates "HTTP/1.1 200 OK"
2025-10-03 23:46:59,339 - INFO - HTTP Request: POST https://api.telegram.org/bot8426585443:AAEp5PO1jrC39ffwH9p4sXxInmRozc9SCCY/getUpdates "HTTP/1.1 200 OK"
2025-10-03 23:47:01,583 - INFO - Telegram message sent to 706456243 successfully.
2025-10-03 23:47:02,235 - INFO - Telegram message sent to 6551264734 successfully.
2025-10-03 23:47:02,242 - INFO - Waiting 120 seconds before next update...
2025-10-03 23:47:09,614 - INFO - HTTP Request: POST https://api.telegram.org/bot8426585443:AAEp5PO1jrC39ffwH9p4sXxInmRozc9SCCY/getUpdates "HTTP/1.1 200 OK"
2025-10-03 23:47:19,813 - INFO - HTTP Request: POST https://api.telegram.org/bot8426585443:AAEp5PO1jrC39ffwH9p4sXxInmRozc9SCCY/getUpdates "HTTP/1.1 200 OK"
2025-10-03 23:47:22,814 - INFO - 
--- Aggregated Exchange Stats ---
         exchange  last_price_mean  last_vol_mean  spread_mean  num_trades
0           azbit          9306.33   3.812693e+09         0.03          27
1         binance          4927.44   2.391123e+11         0.02          52
2          bitget          2429.43   1.270224e+08         0.03          55
3      bybit_spot          2429.11   3.398841e+10         0.03          55
4       coinstore          6782.26   3.628138e+07         0.43          19
5           coinw          2527.73   2.905906e+10         0.09          53
6            gate          2230.46   2.136290e+10         0.02          60
7  hotcoin_global          3184.69   4.718960e+10         0.13          42
8             mxc          4129.87   3.756110e+10         0.04          63
9          pionex          5182.07   2.987239e+10         0.03          25
2025-10-03 23:47:22,905 - INFO - 
--- Arbitrage Opportunities ---
   token buy_exchange  buy_price sell_exchange  sell_price  price_diff_pct  profit_per_1000_usd
0   PUMP   bybit_spot   0.006881           mxc    0.006916            0.51                 5.09
1  FLOKI       pionex   0.000095          gate    0.000096            0.74                 7.36
2     0G        coinw   3.342100           mxc    3.361000            0.57                 5.66
3    XVG       pionex   0.008178           mxc    0.008219            0.50                 5.01
2025-10-03 23:47:22,905 - INFO - Scan complete. Waiting 120 seconds...
2025-10-03 23:47:30,010 - INFO - HTTP Request: POST https://api.telegram.org/bot8426585443:AAEp5PO1jrC39ffwH9p4sXxInmRozc9SCCY/getUpdates "HTTP/1.1 200 OK"
2025-10-03 23:47:40,208 - INFO - HTTP Request: POST https://api.telegram.org/bot8426585443:AAEp5PO1jrC39ffwH9p4sXxInmRozc9SCCY/getUpdates "HTTP/1.1 200 OK"
2025-10-03 23:47:50,552 - INFO - HTTP Request: POST https://api.telegram.org/bot8426585443:AAEp5PO1jrC39ffwH9p4sXxInmRozc9SCCY/getUpdates "HTTP/1.1 200 OK"
2025-10-03 23:48:00,750 - INFO - HTTP Request: POST https://api.telegram.org/bot8426585443:AAEp5PO1jrC39ffwH9p4sXxInmRozc9SCCY/getUpdates "HTTP/1.1 200 OK"
2025-10-03 23:48:10,942 - INFO - HTTP Request: POST https://api.telegram.org/bot8426585443:AAEp5PO1jrC39ffwH9p4sXxInmRozc9SCCY/getUpdates "HTTP/1.1 200 OK"
2025-10-03 23:48:21,579 - INFO - HTTP Request: POST https://api.telegram.org/bot8426585443:AAEp5PO1jrC39ffwH9p4sXxInmRozc9SCCY/getUpdates "HTTP/1.1 200 OK"
2025-10-03 23:48:31,785 - INFO - HTTP Request: POST https://api.telegram.org/bot8426585443:AAEp5PO1jrC39ffwH9p4sXxInmRozc9SCCY/getUpdates "HTTP/1.1 200 OK"
2025-10-04 00:41:05,323 - INFO - Starting background arbitrage scan...
2025-10-04 00:41:05,349 - ERROR - API request failed: HTTPSConnectionPool(host='api.coingecko.com', port=443): Max retries exceeded with url: /api/v3/coins/markets?vs_currency=usd&order=volume_desc&per_page=100&page=1 (Caused by NameResolutionError("<urllib3.connection.HTTPSConnection object at 0x000001C563426EF0>: Failed to resolve 'api.coingecko.com' ([Errno 11001] getaddrinfo failed)"))
2025-10-04 00:41:06,005 - INFO - Loaded 2 subscriptions.
2025-10-04 00:41:06,365 - ERROR - API request failed: HTTPSConnectionPool(host='api.coingecko.com', port=443): Max retries exceeded with url: /api/v3/coins/markets?vs_currency=usd&order=volume_desc&per_page=100&page=1 (Caused by NameResolutionError("<urllib3.connection.HTTPSConnection object at 0x000001C5634277C0>: Failed to resolve 'api.coingecko.com' ([Errno 11001] getaddrinfo failed)"))
2025-10-04 00:41:06,546 - ERROR - Network Retry Loop (Bootstrap Initialize Application): Failed run number 0 of 0. Aborting.
Traceback (most recent call last):
  File "C:\Users\user\Desktop\Python\Arbitrage Bot\venv\lib\site-packages\httpx\_transports\default.py", line 101, in map_httpcore_exceptions
    yield
  File "C:\Users\user\Desktop\Python\Arbitrage Bot\venv\lib\site-packages\httpx\_transports\default.py", line 394, in handle_async_request
    resp = await self._pool.handle_async_request(req)
  File "C:\Users\user\Desktop\Python\Arbitrage Bot\venv\lib\site-packages\httpcore\_async\connection_pool.py", line 256, in handle_async_request
    raise exc from None
  File "C:\Users\user\Desktop\Python\Arbitrage Bot\venv\lib\site-packages\httpcore\_async\connection_pool.py", line 236, in handle_async_request
    response = await connection.handle_async_request(
  File "C:\Users\user\Desktop\Python\Arbitrage Bot\venv\lib\site-packages\httpcore\_async\connection.py", line 101, in handle_async_request
    raise exc
  File "C:\Users\user\Desktop\Python\Arbitrage Bot\venv\lib\site-packages\httpcore\_async\connection.py", line 78, in handle_async_request
    stream = await self._connect(request)
  File "C:\Users\user\Desktop\Python\Arbitrage Bot\venv\lib\site-packages\httpcore\_async\connection.py", line 124, in _connect
    stream = await self._network_backend.connect_tcp(**kwargs)
  File "C:\Users\user\Desktop\Python\Arbitrage Bot\venv\lib\site-packages\httpcore\_backends\auto.py", line 31, in connect_tcp
    return await self._backend.connect_tcp(
  File "C:\Users\user\Desktop\Python\Arbitrage Bot\venv\lib\site-packages\httpcore\_backends\anyio.py", line 113, in connect_tcp
    with map_exceptions(exc_map):
  File "C:\Program Files\WindowsApps\PythonSoftwareFoundation.Python.3.10_3.10.3056.0_x64__qbz5n2kfra8p0\lib\contextlib.py", line 153, in __exit__
    self.gen.throw(typ, value, traceback)
  File "C:\Users\user\Desktop\Python\Arbitrage Bot\venv\lib\site-packages\httpcore\_exceptions.py", line 14, in map_exceptions
    raise to_exc(exc) from exc
httpcore.ConnectError: [Errno 11001] getaddrinfo failed

The above exception was the direct cause of the following exception:

Traceback (most recent call last):
  File "C:\Users\user\Desktop\Python\Arbitrage Bot\venv\lib\site-packages\telegram\request\_httpxrequest.py", line 279, in do_request
    res = await self._client.request(
  File "C:\Users\user\Desktop\Python\Arbitrage Bot\venv\lib\site-packages\httpx\_client.py", line 1540, in request
    return await self.send(request, auth=auth, follow_redirects=follow_redirects)
  File "C:\Users\user\Desktop\Python\Arbitrage Bot\venv\lib\site-packages\httpx\_client.py", line 1629, in send
    response = await self._send_handling_auth(
  File "C:\Users\user\Desktop\Python\Arbitrage Bot\venv\lib\site-packages\httpx\_client.py", line 1657, in _send_handling_auth
    response = await self._send_handling_redirects(
  File "C:\Users\user\Desktop\Python\Arbitrage Bot\venv\lib\site-packages\httpx\_client.py", line 1694, in _send_handling_redirects
    response = await self._send_single_request(request)
  File "C:\Users\user\Desktop\Python\Arbitrage Bot\venv\lib\site-packages\httpx\_client.py", line 1730, in _send_single_request
    response = await transport.handle_async_request(request)
  File "C:\Users\user\Desktop\Python\Arbitrage Bot\venv\lib\site-packages\httpx\_transports\default.py", line 393, in handle_async_request
    with map_httpcore_exceptions():
  File "C:\Program Files\WindowsApps\PythonSoftwareFoundation.Python.3.10_3.10.3056.0_x64__qbz5n2kfra8p0\lib\contextlib.py", line 153, in __exit__
    self.gen.throw(typ, value, traceback)
  File "C:\Users\user\Desktop\Python\Arbitrage Bot\venv\lib\site-packages\httpx\_transports\default.py", line 118, in map_httpcore_exceptions
    raise mapped_exc(message) from exc
httpx.ConnectError: [Errno 11001] getaddrinfo failed

The above exception was the direct cause of the following exception:

Traceback (most recent call last):
  File "C:\Users\user\Desktop\Python\Arbitrage Bot\venv\lib\site-packages\telegram\ext\_utils\networkloop.py", line 122, in network_retry_loop
    await do_action()
  File "C:\Users\user\Desktop\Python\Arbitrage Bot\venv\lib\site-packages\telegram\ext\_utils\networkloop.py", line 97, in do_action
    await action_cb()
  File "C:\Users\user\Desktop\Python\Arbitrage Bot\venv\lib\site-packages\telegram\ext\_application.py", line 489, in initialize
    await self.bot.initialize()
  File "C:\Users\user\Desktop\Python\Arbitrage Bot\venv\lib\site-packages\telegram\ext\_extbot.py", line 318, in initialize
    await super().initialize()
  File "C:\Users\user\Desktop\Python\Arbitrage Bot\venv\lib\site-packages\telegram\_bot.py", line 854, in initialize
    await self.get_me()
  File "C:\Users\user\Desktop\Python\Arbitrage Bot\venv\lib\site-packages\telegram\ext\_extbot.py", line 1999, in get_me
    return await super().get_me(
  File "C:\Users\user\Desktop\Python\Arbitrage Bot\venv\lib\site-packages\telegram\_bot.py", line 985, in get_me
    result = await self._post(
  File "C:\Users\user\Desktop\Python\Arbitrage Bot\venv\lib\site-packages\telegram\_bot.py", line 703, in _post
    return await self._do_post(
  File "C:\Users\user\Desktop\Python\Arbitrage Bot\venv\lib\site-packages\telegram\ext\_extbot.py", line 372, in _do_post
    return await super()._do_post(
  File "C:\Users\user\Desktop\Python\Arbitrage Bot\venv\lib\site-packages\telegram\_bot.py", line 732, in _do_post
    result = await request.post(
  File "C:\Users\user\Desktop\Python\Arbitrage Bot\venv\lib\site-packages\telegram\request\_baserequest.py", line 198, in post
    result = await self._request_wrapper(
  File "C:\Users\user\Desktop\Python\Arbitrage Bot\venv\lib\site-packages\telegram\request\_baserequest.py", line 305, in _request_wrapper
    code, payload = await self.do_request(
  File "C:\Users\user\Desktop\Python\Arbitrage Bot\venv\lib\site-packages\telegram\request\_httpxrequest.py", line 303, in do_request
    raise NetworkError(f"httpx.{err.__class__.__name__}: {err}") from err
telegram.error.NetworkError: httpx.ConnectError: [Errno 11001] getaddrinfo failed
2025-10-04 00:41:08,382 - ERROR - API request failed: HTTPSConnectionPool(host='api.coingecko.com', port=443): Max retries exceeded with url: /api/v3/coins/markets?vs_currency=usd&order=volume_desc&per_page=100&page=1 (Caused by NameResolutionError("<urllib3.connection.HTTPSConnection object at 0x000001C563488070>: Failed to resolve 'api.coingecko.com' ([Errno 11001] getaddrinfo failed)"))
2025-10-04 00:41:12,400 - ERROR - API request failed: HTTPSConnectionPool(host='api.coingecko.com', port=443): Max retries exceeded with url: /api/v3/coins/markets?vs_currency=usd&order=volume_desc&per_page=100&page=1 (Caused by NameResolutionError("<urllib3.connection.HTTPSConnection object at 0x000001C563427E50>: Failed to resolve 'api.coingecko.com' ([Errno 11001] getaddrinfo failed)"))
2025-10-04 00:41:16,092 - INFO - Waiting 120 seconds before next update...
2025-10-04 00:41:20,420 - ERROR - API request failed: HTTPSConnectionPool(host='api.coingecko.com', port=443): Max retries exceeded with url: /api/v3/coins/markets?vs_currency=usd&order=volume_desc&per_page=100&page=1 (Caused by NameResolutionError("<urllib3.connection.HTTPSConnection object at 0x000001C5634D03A0>: Failed to resolve 'api.coingecko.com' ([Errno 11001] getaddrinfo failed)"))
2025-10-04 00:48:06,748 - INFO - Starting background arbitrage scan...
2025-10-04 00:48:07,113 - INFO - Loaded 2 subscriptions.
2025-10-04 00:48:08,072 - INFO - HTTP Request: POST https://api.telegram.org/bot8426585443:AAEp5PO1jrC39ffwH9p4sXxInmRozc9SCCY/getMe "HTTP/1.1 200 OK"
2025-10-04 00:48:08,232 - INFO - HTTP Request: POST https://api.telegram.org/bot8426585443:AAEp5PO1jrC39ffwH9p4sXxInmRozc9SCCY/deleteWebhook "HTTP/1.1 200 OK"
2025-10-04 00:48:08,236 - INFO - Application started
2025-10-04 00:48:08,553 - INFO - Refreshing top tokens and exchanges...
2025-10-04 00:48:09,207 - INFO - Waiting 120 seconds before next update...
2025-10-04 00:48:18,720 - INFO - HTTP Request: POST https://api.telegram.org/bot8426585443:AAEp5PO1jrC39ffwH9p4sXxInmRozc9SCCY/getUpdates "HTTP/1.1 200 OK"
2025-10-04 00:48:22,271 - INFO - 
--- Aggregated Exchange Stats ---
         exchange  last_price_mean  last_vol_mean  spread_mean  num_trades
0           azbit          9642.02   7.881352e+08         0.02          26
1         binance          4822.63   2.372422e+11         0.02          53
2          bitget          2380.81   2.351716e+10         0.03          56
3      bybit_spot          2338.60   3.341737e+10         0.03          57
4       coinstore          6767.18   3.584363e+07         0.40          19
5           coinw          2570.50   3.009391e+10         0.09          52
6            gate          2342.44   2.218285e+10         0.02          57
7  hotcoin_global          3254.81   4.801993e+10         0.13          41
8             mxc          4194.98   3.841451e+10         0.03          62
9          pionex          5336.55   3.205721e+10         0.03          24
2025-10-04 00:48:22,441 - INFO - 
--- Arbitrage Opportunities ---
        token buy_exchange   buy_price   sell_exchange  sell_price  price_diff_pct  profit_per_1000_usd
0         XPL          mxc    0.861800            gate    0.867000            0.60                 6.03
1       PENGU   bybit_spot    0.031877           coinw    0.032094            0.68                 6.81
2         ZEC      binance  129.110000           coinw  129.980000            0.67                 6.74
3          FF      binance    0.191840           coinw    0.192850            0.53                 5.26
4       FLOKI       pionex    0.000097      bybit_spot    0.000098            0.73                 7.33
5       EIGEN      binance    1.915000  hotcoin_global    1.926000            0.57                 5.74
6         OKB          mxc  202.934000            gate  204.300000            0.67                 6.73
7        HOOK         gate    0.113930             mxc    0.114540            0.54                 5.35
8         XVG       pionex    0.008163             mxc    0.008221            0.71                 7.11
9  JELLYJELLY         gate    0.101816           azbit    0.103810            1.96                19.58
2025-10-04 00:48:22,441 - INFO - Scan complete. Waiting 120 seconds...
2025-10-05 14:16:45,057 - INFO - Starting background arbitrage scan...
2025-10-05 14:16:48,521 - INFO - Refreshing top tokens and exchanges...
2025-10-05 14:16:52,984 - INFO - Loaded 2 subscriptions.
2025-10-05 14:16:55,047 - INFO - Waiting 120 seconds before next update...
2025-10-05 14:16:58,090 - INFO - HTTP Request: POST https://api.telegram.org/bot8426585443:AAEp5PO1jrC39ffwH9p4sXxInmRozc9SCCY/getMe "HTTP/1.1 200 OK"
2025-10-05 14:16:58,278 - INFO - HTTP Request: POST https://api.telegram.org/bot8426585443:AAEp5PO1jrC39ffwH9p4sXxInmRozc9SCCY/deleteWebhook "HTTP/1.1 200 OK"
2025-10-05 14:16:58,278 - INFO - Application started
2025-10-05 14:17:09,212 - INFO - HTTP Request: POST https://api.telegram.org/bot8426585443:AAEp5PO1jrC39ffwH9p4sXxInmRozc9SCCY/getUpdates "HTTP/1.1 200 OK"
2025-10-05 14:17:09,978 - INFO - 
--- Aggregated Exchange Stats ---
         exchange  last_price_mean  last_vol_mean  spread_mean  num_trades
0           azbit          5704.75   1.807700e+09         0.02          22
1         binance          4612.03   1.981822e+11         0.03          55
2         bitmart          3474.96   4.287299e+09         0.17          37
3      bybit_spot          2397.33   3.210366e+10         0.03          56
4           coinw          2563.97   3.424940e+10         0.09          51
5            gate          2374.40   2.141002e+10         0.02          55
6  hotcoin_global          3107.89   4.055913e+10         0.13          42
7          kucoin          2044.91   0.000000e+00         0.04          64
8             mxc          4303.56   4.522965e+10         0.04          60
9          pionex          6453.78   3.589013e+10         0.03          20
2025-10-05 14:17:10,155 - INFO - 
--- Arbitrage Opportunities ---
    token buy_exchange  buy_price sell_exchange  sell_price  price_diff_pct  profit_per_1000_usd
0     XPL      binance     0.8929    bybit_spot     0.89740            0.50                 5.04
1     ZEC      binance   147.1600         coinw   147.94000            0.53                 5.30
2    SOMI         gate     0.9187           mxc     0.92790            1.00                10.01
3    MIRA          mxc     0.6065       bitmart     0.61152            0.83                 8.28
4    CELO       pionex     0.4292          gate     0.43280            0.84                 8.39
5     ZEN      binance    10.1020           mxc    10.17100            0.68                 6.83
6   EIGEN         gate     1.8811           mxc     1.89310            0.64                 6.38
7    WLFI          mxc     0.2014         coinw     0.20260            0.60                 5.96
8     MNT        coinw     2.0932          gate     2.10680            0.65                 6.50
9     XAN          mxc     0.1249          gate     0.12631            1.13                11.29
10   STBL         gate     0.3157        kucoin     0.31730            0.51                 5.07
2025-10-05 14:17:10,158 - INFO - Scan complete. Waiting 120 seconds...
2025-10-05 14:17:20,179 - INFO - HTTP Request: POST https://api.telegram.org/bot8426585443:AAEp5PO1jrC39ffwH9p4sXxInmRozc9SCCY/getUpdates "HTTP/1.1 200 OK"
2025-10-05 14:17:30,341 - INFO - HTTP Request: POST https://api.telegram.org/bot8426585443:AAEp5PO1jrC39ffwH9p4sXxInmRozc9SCCY/getUpdates "HTTP/1.1 200 OK"
2025-10-05 14:17:41,786 - INFO - HTTP Request: POST https://api.telegram.org/bot8426585443:AAEp5PO1jrC39ffwH9p4sXxInmRozc9SCCY/getUpdates "HTTP/1.1 200 OK"
2025-10-05 14:17:51,982 - INFO - HTTP Request: POST https://api.telegram.org/bot8426585443:AAEp5PO1jrC39ffwH9p4sXxInmRozc9SCCY/getUpdates "HTTP/1.1 200 OK"
2025-10-05 14:18:02,185 - INFO - HTTP Request: POST https://api.telegram.org/bot8426585443:AAEp5PO1jrC39ffwH9p4sXxInmRozc9SCCY/getUpdates "HTTP/1.1 200 OK"
2025-10-05 14:18:03,434 - INFO - HTTP Request: POST https://api.telegram.org/bot8426585443:AAEp5PO1jrC39ffwH9p4sXxInmRozc9SCCY/getUpdates "HTTP/1.1 200 OK"
2025-10-05 14:18:04,093 - INFO - HTTP Request: POST https://api.telegram.org/bot8426585443:AAEp5PO1jrC39ffwH9p4sXxInmRozc9SCCY/sendMessage "HTTP/1.1 200 OK"
2025-10-05 14:18:07,835 - INFO - HTTP Request: POST https://api.telegram.org/bot8426585443:AAEp5PO1jrC39ffwH9p4sXxInmRozc9SCCY/getUpdates "HTTP/1.1 200 OK"
2025-10-05 14:18:07,839 - INFO - Saved 2 subscriptions.
2025-10-05 14:18:08,098 - INFO - HTTP Request: POST https://api.telegram.org/bot8426585443:AAEp5PO1jrC39ffwH9p4sXxInmRozc9SCCY/sendMessage "HTTP/1.1 200 OK"
2025-10-05 14:18:18,063 - INFO - HTTP Request: POST https://api.telegram.org/bot8426585443:AAEp5PO1jrC39ffwH9p4sXxInmRozc9SCCY/getUpdates "HTTP/1.1 200 OK"
2025-10-05 14:18:28,228 - INFO - HTTP Request: POST https://api.telegram.org/bot8426585443:AAEp5PO1jrC39ffwH9p4sXxInmRozc9SCCY/getUpdates "HTTP/1.1 200 OK"
2025-10-05 14:18:32,901 - INFO - HTTP Request: POST https://api.telegram.org/bot8426585443:AAEp5PO1jrC39ffwH9p4sXxInmRozc9SCCY/getUpdates "HTTP/1.1 200 OK"
2025-10-05 14:18:35,811 - INFO - HTTP Request: POST https://api.telegram.org/bot8426585443:AAEp5PO1jrC39ffwH9p4sXxInmRozc9SCCY/sendMessage "HTTP/1.1 200 OK"
2025-10-05 14:18:45,348 - INFO - HTTP Request: POST https://api.telegram.org/bot8426585443:AAEp5PO1jrC39ffwH9p4sXxInmRozc9SCCY/getUpdates "HTTP/1.1 200 OK"
2025-10-05 14:18:55,607 - INFO - HTTP Request: POST https://api.telegram.org/bot8426585443:AAEp5PO1jrC39ffwH9p4sXxInmRozc9SCCY/getUpdates "HTTP/1.1 200 OK"
2025-10-05 14:18:57,891 - INFO - Telegram message sent to 706456243 successfully.
2025-10-05 14:18:58,604 - INFO - Telegram message sent to 6551264734 successfully.
2025-10-05 14:18:58,612 - INFO - Waiting 120 seconds before next update...
